<?xml version="1.0" encoding="UTF-8"?>
<robot generator="Robot 6.0.2 (Python 3.10.9 on win32)" generated="20230323 22:28:36.320" rpa="false" schemaversion="3">
<suite id="s1" name="Contact" source="D:\finalproject.robot\contact.robot">
<test id="s1-t1" name="Open Browser Chrome" line="15">
<kw name="Open Browser" library="SeleniumLibrary" type="SETUP">
<arg>${urladdress}</arg>
<arg>${browsertype}</arg>
<doc>Opens a new browser instance to the optional ``url``.</doc>
<msg timestamp="20230323 22:28:36.486" level="INFO">Opening browser 'Chrome' to base url 'http://automationpractice.pl/index.php'.</msg>
<status status="PASS" starttime="20230323 22:28:36.486" endtime="20230323 22:29:00.499"/>
</kw>
<kw name="Maximize Browser Window" library="SeleniumLibrary">
<doc>Maximizes current browser window.</doc>
<status status="PASS" starttime="20230323 22:29:00.499" endtime="20230323 22:29:00.621"/>
</kw>
<kw name="Close Browser" library="SeleniumLibrary" type="TEARDOWN">
<doc>Closes the current browser.</doc>
<status status="PASS" starttime="20230323 22:29:00.622" endtime="20230323 22:29:02.728"/>
</kw>
<status status="PASS" starttime="20230323 22:28:36.485" endtime="20230323 22:29:02.728"/>
</test>
<test id="s1-t2" name="User can Click Contact Us Button" line="18">
<kw name="Open Browser" library="SeleniumLibrary" type="SETUP">
<arg>${urladdress}</arg>
<arg>${browsertype}</arg>
<doc>Opens a new browser instance to the optional ``url``.</doc>
<msg timestamp="20230323 22:29:02.730" level="INFO">Opening browser 'Chrome' to base url 'http://automationpractice.pl/index.php'.</msg>
<status status="PASS" starttime="20230323 22:29:02.729" endtime="20230323 22:29:09.922"/>
</kw>
<kw name="Maximize Browser Window" library="SeleniumLibrary">
<doc>Maximizes current browser window.</doc>
<status status="PASS" starttime="20230323 22:29:09.923" endtime="20230323 22:29:10.048"/>
</kw>
<kw name="Click Element" library="SeleniumLibrary">
<arg>//div[@id="contact-link"]</arg>
<doc>Click the element identified by ``locator``.</doc>
<msg timestamp="20230323 22:29:10.049" level="INFO">Clicking element '//div[@id="contact-link"]'.</msg>
<status status="PASS" starttime="20230323 22:29:10.048" endtime="20230323 22:29:11.019"/>
</kw>
<kw name="Element Should Be Visible" library="SeleniumLibrary">
<arg>//h1[@class="page-heading bottom-indent"]</arg>
<doc>Verifies that the element identified by ``locator`` is visible.</doc>
<msg timestamp="20230323 22:29:11.036" level="INFO">Element '//h1[@class="page-heading bottom-indent"]' is displayed.</msg>
<status status="PASS" starttime="20230323 22:29:11.019" endtime="20230323 22:29:11.036"/>
</kw>
<kw name="Element Should Be Visible" library="SeleniumLibrary">
<arg>//h3[@class="page-subheading"]</arg>
<doc>Verifies that the element identified by ``locator`` is visible.</doc>
<msg timestamp="20230323 22:29:11.051" level="INFO">Element '//h3[@class="page-subheading"]' is displayed.</msg>
<status status="PASS" starttime="20230323 22:29:11.036" endtime="20230323 22:29:11.051"/>
</kw>
<kw name="Sleep" library="BuiltIn">
<arg>3</arg>
<doc>Pauses the test executed for the given time.</doc>
<msg timestamp="20230323 22:29:14.064" level="INFO">Slept 3 seconds</msg>
<status status="PASS" starttime="20230323 22:29:11.052" endtime="20230323 22:29:14.064"/>
</kw>
<kw name="Select From List By Index" library="SeleniumLibrary">
<arg>//select[@id="id_contact"]</arg>
<arg>2</arg>
<doc>Selects options from selection list ``locator`` by ``indexes``.</doc>
<msg timestamp="20230323 22:29:14.065" level="INFO">Selecting options from selection list '//select[@id="id_contact"]' by index 2.</msg>
<status status="PASS" starttime="20230323 22:29:14.064" endtime="20230323 22:29:14.137"/>
</kw>
<kw name="Input Text" library="SeleniumLibrary">
<arg>//input[@id="email"]</arg>
<arg>${email}</arg>
<doc>Types the given ``text`` into the text field identified by ``locator``.</doc>
<msg timestamp="20230323 22:29:14.139" level="INFO">Typing text 'agung@gmail.com' into text field '//input[@id="email"]'.</msg>
<status status="PASS" starttime="20230323 22:29:14.138" endtime="20230323 22:29:14.198"/>
</kw>
<kw name="Input Text" library="SeleniumLibrary">
<arg>//input[@id="id_order"]</arg>
<arg>${order}</arg>
<doc>Types the given ``text`` into the text field identified by ``locator``.</doc>
<msg timestamp="20230323 22:29:14.199" level="INFO">Typing text '1' into text field '//input[@id="id_order"]'.</msg>
<status status="PASS" starttime="20230323 22:29:14.198" endtime="20230323 22:29:14.256"/>
</kw>
<kw name="Choose File" library="SeleniumLibrary">
<arg>//input[@id="fileUpload"]</arg>
<arg>${direktori}</arg>
<doc>Inputs the ``file_path`` into the file input field ``locator``.</doc>
<msg timestamp="20230323 22:29:14.257" level="INFO">Sending D:\finalproject.robot\download.jpg to browser.</msg>
<status status="PASS" starttime="20230323 22:29:14.256" endtime="20230323 22:29:14.289"/>
</kw>
<kw name="Input Text" library="SeleniumLibrary">
<arg>//textarea[@id="message"]</arg>
<arg>${message}</arg>
<doc>Types the given ``text`` into the text field identified by ``locator``.</doc>
<msg timestamp="20230323 22:29:14.290" level="INFO">Typing text 'Kualitas Bagus' into text field '//textarea[@id="message"]'.</msg>
<status status="PASS" starttime="20230323 22:29:14.289" endtime="20230323 22:29:14.350"/>
</kw>
<kw name="Click Element" library="SeleniumLibrary">
<arg>//button[@id="submitMessage"]</arg>
<doc>Click the element identified by ``locator``.</doc>
<msg timestamp="20230323 22:29:14.351" level="INFO">Clicking element '//button[@id="submitMessage"]'.</msg>
<status status="PASS" starttime="20230323 22:29:14.350" endtime="20230323 22:29:21.488"/>
</kw>
<kw name="Element Should Contain" library="SeleniumLibrary">
<arg>//p[@class="alert alert-success"]</arg>
<arg>${success_messgae}</arg>
<doc>Verifies that element ``locator`` contains text ``expected``.</doc>
<msg timestamp="20230323 22:29:21.508" level="INFO">Element '//p[@class="alert alert-success"]' contains text 'Your message has been successfully sent to our team.'.</msg>
<status status="PASS" starttime="20230323 22:29:21.488" endtime="20230323 22:29:21.509"/>
</kw>
<kw name="Close Browser" library="SeleniumLibrary" type="TEARDOWN">
<doc>Closes the current browser.</doc>
<status status="PASS" starttime="20230323 22:29:21.509" endtime="20230323 22:29:23.621"/>
</kw>
<status status="PASS" starttime="20230323 22:29:02.729" endtime="20230323 22:29:23.621"/>
</test>
<status status="PASS" starttime="20230323 22:28:36.321" endtime="20230323 22:29:23.624"/>
</suite>
<statistics>
<total>
<stat pass="2" fail="0" skip="0">All Tests</stat>
</total>
<tag>
</tag>
<suite>
<stat pass="2" fail="0" skip="0" id="s1" name="Contact">Contact</stat>
</suite>
</statistics>
<errors>
</errors>
</robot>
